m_s =
{
  [1,1] =
  {
    [1,1] = R2
    [2,1] = R3
    [3,1] = R4
    [4,1] = R5
    [5,1] = R6
    [6,1] = R7
    [7,1] = Vs
    [8,1] = C
    [9,1] = Kb
    [10,1] = Kd
  }

  [1,2] =
  {
    [1,1] = =
    [2,1] = =
    [3,1] = =
    [4,1] = =
    [5,1] = =
    [6,1] = =
    [7,1] = =
    [8,1] = =
    [9,1] = =
    [10,1] = =
  }

  [1,3] =

     2.0367496411
     3.0985103761
     4.1028419071
     3.1376343132
     2.0197921886
     1.0383721693
     5.2333466190
     1.0462067838
     7.0355268248
     8.1263517290

}

Symbolic pkg v2.8.0: Python communication link active, SymPy v1.5.1.


 \subsection{Nodal Analysis}
V1 = (sym) 5.2333466294
V2 = (sym) 4.9938175888
V3 = (sym) 4.4954801684
V5 = (sym) 5.0285943470
V6 = (sym) 5.7962881073
V7 = (sym) -2.0040137264
V8 = (sym) -3.0342739065
Vx = (sym) 8.8305620139
V2x = (sym) 0
V3x = (sym) 0
V5x = (sym) 0
V6x = (sym) 8.8305620139
V7x = (sym) 0
V8x = (sym) 0
Ix = (sym) -2.8144011902
Req = (sym) 3.1376344086
Tau = (sym) 0.0010448886583⋅π


Natural solution:
A =  8.8305620139
TC =  0.0032826145327
V1p = (sym) 1.0000000000
V2p = (sym) 0.95423023592
V3p = (sym) 0.85900676693
V5p = (sym) 0.96087545944
V6p = (sym) -0.57979608473 - 8.1810507032e-5⋅ⅈ
V7p = (sym) -0.38293158628
V8p = (sym) -0.57979608870
